Warning: You are sending unauthenticated requests to the HF Hub. Please set a HF_TOKEN to enable higher rate limits and faster downloads.
Loading weights:   0%|          | 0/199 [00:00<?, ?it/s]Loading weights: 100%|██████████| 199/199 [00:00<00:00, 6265.56it/s]
Updated /Users/kseniya_agrova/obsidian/VIBECODING_Чуйков/v0-cashback-aggregation-app/backend/data/market_category_catalog.json

775 entries need manual review:
  pyaterochka: 'Товары для дома' -> 'Хозяйственные товары' (0.617)
  pyaterochka: 'Посуда и принадлежности' -> 'Ветчина' (0.656)
  pyaterochka: 'Творчество, хобби, развлечения' -> 'Творог' (0.573)
  pyaterochka: 'Для Пасхи' -> 'Жидкости для вейпов' (0.560)
  pyaterochka: 'Уход за полостью рта' -> 'Зубные пасты и щётки' (0.694)
  pyaterochka: 'Детский транспорт' -> 'Ветчина' (0.391)
  pyaterochka: 'Для праздника' -> 'Ветчина' (0.673)
  pyaterochka: 'Для школы и офиса' -> 'Столовые приборы' (0.500)
  pyaterochka: 'Для офиса' -> 'Столовые приборы' (0.601)
  pyaterochka: 'Автохимия и автокосметика' -> 'Джин и абсент' (0.520)
  pyaterochka: 'Автомобильные инструменты' -> 'Кефир, ряженка, простокваша' (0.628)
  pyaterochka: 'Туризм и отдых на природе' -> 'Товары для барбекю и пикника' (0.404)
  pyaterochka: 'Тренажеры и фитнес' -> 'Протеин и спортивное питание' (0.524)
  pyaterochka: 'Игры' -> 'Варенье' (0.619)
  pyaterochka: 'Оборудование для магазинов' -> 'Хозяйственные товары' (0.619)
  pyaterochka: 'Сценическое и аудиооборудование' -> 'Столовые приборы' (0.533)
  pyaterochka: 'Аудио- и видеотехника' -> 'Ликёры и наливки' (0.450)
  pyaterochka: 'Женская одежда' -> 'Квашеная капуста' (0.623)
  pyaterochka: 'Мужская одежда' -> 'Зажигалки и аксессуары' (0.601)
  pyaterochka: 'Детская одежда' -> 'Игрушки и аксессуары' (0.595)
  pyaterochka: 'Уход за больными' -> 'Сметана' (0.552)
  magnit: 'Товары для дома' -> 'Хозяйственные товары' (0.617)
  magnit: 'Посуда и принадлежности' -> 'Ветчина' (0.656)
  magnit: 'Творчество, хобби, развлечения' -> 'Творог' (0.573)
  magnit: 'Для Пасхи' -> 'Жидкости для вейпов' (0.560)
  magnit: 'Уход за полостью рта' -> 'Зубные пасты и щётки' (0.694)
  magnit: 'Детский транспорт' -> 'Ветчина' (0.391)
  magnit: 'Для праздника' -> 'Ветчина' (0.673)
  magnit: 'Для школы и офиса' -> 'Столовые приборы' (0.500)
  magnit: 'Для офиса' -> 'Столовые приборы' (0.601)
  magnit: 'Автохимия и автокосметика' -> 'Джин и абсент' (0.520)
  magnit: 'Подарочные наборы' -> 'Хозяйственные товары' (0.649)
  magnit: 'Туризм и отдых на природе' -> 'Товары для барбекю и пикника' (0.404)
  magnit: 'Тренажеры и фитнес' -> 'Протеин и спортивное питание' (0.524)
  magnit: 'Телефоны' -> 'Батарейки и лампочки' (0.391)
  magnit: 'Портативная техника' -> 'Наполнители для лотков' (0.654)
  magnit: 'Аудио- и видеотехника' -> 'Ликёры и наливки' (0.450)
  magnit: 'Женская одежда' -> 'Квашеная капуста' (0.623)
  magnit: 'Мужская одежда' -> 'Зажигалки и аксессуары' (0.601)
  magnit: 'Детская одежда' -> 'Игрушки и аксессуары' (0.595)
  magnit: 'Обувь' -> 'Стики для систем нагревания' (0.582)
  magnit: 'Медицинские материалы' -> 'Зажигалки и аксессуары' (0.668)
  magnit: 'Спортивная защита' -> 'Спортивные напитки' (0.518)
  magnit: 'Игры' -> 'Варенье' (0.619)
  magnit: 'Рабочая одежда и обувь' -> 'Зажигалки и аксессуары' (0.675)
  magnit: 'Уход за больными' -> 'Сметана' (0.552)
  spar: 'Товары для дома' -> 'Хозяйственные товары' (0.617)
  spar: 'Посуда и принадлежности' -> 'Ветчина' (0.656)
  spar: 'Уход за полостью рта' -> 'Зубные пасты и щётки' (0.694)
  spar: 'Тренажеры и фитнес' -> 'Протеин и спортивное питание' (0.524)
  spar: 'Аудио- и видеотехника' -> 'Ликёры и наливки' (0.450)
  spar: 'Женская одежда' -> 'Квашеная капуста' (0.623)
  spar: 'Мужская одежда' -> 'Зажигалки и аксессуары' (0.601)
  fix-price: 'Товары для дома' -> 'Хозяйственные товары' (0.617)
  fix-price: 'Посуда и принадлежности' -> 'Ветчина' (0.656)
  fix-price: 'Творчество, хобби, развлечения' -> 'Творог' (0.573)
  fix-price: 'Для Пасхи' -> 'Жидкости для вейпов' (0.560)
  fix-price: 'Уход за полостью рта' -> 'Зубные пасты и щётки' (0.694)
  fix-price: 'Детский транспорт' -> 'Ветчина' (0.391)
  fix-price: 'Для праздника' -> 'Ветчина' (0.673)
  fix-price: 'Детская комната' -> 'Влажные салфетки детские' (0.570)
  fix-price: 'Для школы и офиса' -> 'Столовые приборы' (0.500)
  fix-price: 'Для офиса' -> 'Столовые приборы' (0.601)
  fix-price: 'Ранцы, рюкзаки, портфели' -> 'Упаковка (плёнка, фольга, пакеты)' (0.619)
  fix-price: 'Автохимия и автокосметика' -> 'Джин и абсент' (0.520)
  fix-price: 'Электроника' -> 'Батарейки и лампочки' (0.567)
  fix-price: 'Подарочные наборы' -> 'Хозяйственные товары' (0.649)
  fix-price: 'Игры для компаний' -> 'Игрушки и аксессуары' (0.504)
  fix-price: 'Программное обеспечение' -> 'Уксус' (0.579)
  fix-price: 'Периферийные устройства' -> 'Столовые приборы' (0.629)
  fix-price: 'Организация рабочего места' -> 'Кондиционеры для белья' (0.456)
  fix-price: 'Туризм и отдых на природе' -> 'Товары для барбекю и пикника' (0.404)
  fix-price: 'Велоспорт' -> 'Креветки' (0.380)
  fix-price: 'Спортивная защита' -> 'Спортивные напитки' (0.518)
  fix-price: 'Водный спорт' -> 'Вода негазированная' (0.660)
  fix-price: 'Тренажеры и фитнес' -> 'Протеин и спортивное питание' (0.524)
  fix-price: 'Игры' -> 'Варенье' (0.619)
  fix-price: 'Командные виды спорта' -> 'Спортивные напитки' (0.527)
  fix-price: 'Экстремальные виды спорта' -> 'Спортивные напитки' (0.541)
  fix-price: 'Электрика' -> 'Батарейки и лампочки' (0.693)
  fix-price: 'Двери, окна и скобяные изделия' -> 'Кружки, стаканы и бокалы' (0.644)
  fix-price: 'Промышленное производство' -> 'Замороженные полуфабрикаты (блины, котлеты и пр.)' (0.599)
  fix-price: 'Садовая мебель' -> 'Садовый инвентарь' (0.653)
  fix-price: 'Техника для дома' -> 'Средства для чистки кухни' (0.539)
  fix-price: 'Климатическая техника' -> 'Стики для систем нагревания' (0.621)
  fix-price: 'Телефоны' -> 'Батарейки и лампочки' (0.391)
  fix-price: 'Фото и видеокамеры' -> 'Творог' (0.418)
  fix-price: 'Портативная техника' -> 'Наполнители для лотков' (0.654)
  fix-price: 'Оптические приборы' -> 'Кружки, стаканы и бокалы' (0.575)
  fix-price: 'Аудио- и видеотехника' -> 'Ликёры и наливки' (0.450)
  fix-price: 'Женская одежда' -> 'Квашеная капуста' (0.623)
  fix-price: 'Мужская одежда' -> 'Зажигалки и аксессуары' (0.601)
  fix-price: 'Детская одежда' -> 'Игрушки и аксессуары' (0.595)
  fix-price: 'Обувь' -> 'Стики для систем нагревания' (0.582)
  fix-price: 'Медицинские материалы' -> 'Зажигалки и аксессуары' (0.668)
  fix-price: 'Оптика' -> 'Кружки, стаканы и бокалы' (0.530)
  fix-price: 'Народная медицина' -> 'Лекарства и аптечные товары' (0.648)
  dixy: 'Товары для дома' -> 'Хозяйственные товары' (0.617)
  dixy: 'Посуда и принадлежности' -> 'Ветчина' (0.656)
  dixy: 'Творчество, хобби, развлечения' -> 'Творог' (0.573)
  dixy: 'Уход за полостью рта' -> 'Зубные пасты и щётки' (0.694)
  dixy: 'Для праздника' -> 'Ветчина' (0.673)
  dixy: 'Для школы и офиса' -> 'Столовые приборы' (0.500)
  dixy: 'Тренажеры и фитнес' -> 'Протеин и спортивное питание' (0.524)
  dixy: 'Оборудование для магазинов' -> 'Хозяйственные товары' (0.619)
  dixy: 'Аудио- и видеотехника' -> 'Ликёры и наливки' (0.450)
  dixy: 'Женская одежда' -> 'Квашеная капуста' (0.623)
  dixy: 'Мужская одежда' -> 'Зажигалки и аксессуары' (0.601)
  dixy: 'Детская одежда' -> 'Игрушки и аксессуары' (0.595)
  dixy: 'Обувь' -> 'Стики для систем нагревания' (0.582)
  globus: 'Товары для дома' -> 'Хозяйственные товары' (0.617)
  globus: 'Посуда и принадлежности' -> 'Ветчина' (0.656)
  globus: 'Творчество, хобби, развлечения' -> 'Творог' (0.573)
  globus: 'Уход за полостью рта' -> 'Зубные пасты и щётки' (0.694)
  globus: 'Детский транспорт' -> 'Ветчина' (0.391)
  globus: 'Для праздника' -> 'Ветчина' (0.673)
  globus: 'Детская комната' -> 'Влажные салфетки детские' (0.570)
  globus: 'Для школы и офиса' -> 'Столовые приборы' (0.500)
  globus: 'Автохимия и автокосметика' -> 'Джин и абсент' (0.520)
  globus: 'Мототехника' -> 'Кефир, ряженка, простокваша' (0.593)
  globus: 'Шины и диски' -> 'Мясные полуфабрикаты (котлеты, зразы и пр.)' (0.619)
  globus: 'Автомобильные инструменты' -> 'Кефир, ряженка, простокваша' (0.628)
  globus: 'Периферийные устройства' -> 'Столовые приборы' (0.629)
  globus: 'Туризм и отдых на природе' -> 'Товары для барбекю и пикника' (0.404)
  globus: 'Водный спорт' -> 'Вода негазированная' (0.660)
  globus: 'Тренажеры и фитнес' -> 'Протеин и спортивное питание' (0.524)
  globus: 'Игры' -> 'Варенье' (0.619)
  globus: 'Командные виды спорта' -> 'Спортивные напитки' (0.527)
  globus: 'Электрика' -> 'Батарейки и лампочки' (0.693)
  globus: 'Бассейны и аксессуары' -> 'Рыбные полуфабрикаты' (0.685)
  globus: 'Садовая мебель' -> 'Садовый инвентарь' (0.653)
  globus: 'Техника для дома' -> 'Средства для чистки кухни' (0.539)
  globus: 'Климатическая техника' -> 'Стики для систем нагревания' (0.621)
  globus: 'Телефоны' -> 'Батарейки и лампочки' (0.391)
  globus: 'Портативная техника' -> 'Наполнители для лотков' (0.654)
  globus: 'Аудио- и видеотехника' -> 'Ликёры и наливки' (0.450)
  globus: 'Женская одежда' -> 'Квашеная капуста' (0.623)
  globus: 'Мужская одежда' -> 'Зажигалки и аксессуары' (0.601)
  globus: 'Детская одежда' -> 'Игрушки и аксессуары' (0.595)
  globus: 'Обувь' -> 'Стики для систем нагревания' (0.582)
  globus: 'Медицинские материалы' -> 'Зажигалки и аксессуары' (0.668)
  globus: 'Уход за больными' -> 'Сметана' (0.552)
  perekrestok: 'Товары для дома' -> 'Хозяйственные товары' (0.617)
  perekrestok: 'Посуда и принадлежности' -> 'Ветчина' (0.656)
  perekrestok: 'Творчество, хобби, развлечения' -> 'Творог' (0.573)
  perekrestok: 'Для Пасхи' -> 'Жидкости для вейпов' (0.560)
  perekrestok: 'Уход за полостью рта' -> 'Зубные пасты и щётки' (0.694)
  perekrestok: 'Детский транспорт' -> 'Ветчина' (0.391)
  perekrestok: 'Для праздника' -> 'Ветчина' (0.673)
  perekrestok: 'Детская комната' -> 'Влажные салфетки детские' (0.570)
  perekrestok: 'Для школы и офиса' -> 'Столовые приборы' (0.500)
  perekrestok: 'Автохимия и автокосметика' -> 'Джин и абсент' (0.520)
  perekrestok: 'Подарочные наборы' -> 'Хозяйственные товары' (0.649)
  perekrestok: 'Игры для компаний' -> 'Игрушки и аксессуары' (0.504)
  perekrestok: 'Туризм и отдых на природе' -> 'Товары для барбекю и пикника' (0.404)
  perekrestok: 'Водный спорт' -> 'Вода негазированная' (0.660)
  perekrestok: 'Тренажеры и фитнес' -> 'Протеин и спортивное питание' (0.524)
  perekrestok: 'Игры' -> 'Варенье' (0.619)
  perekrestok: 'Рабочая одежда и обувь' -> 'Зажигалки и аксессуары' (0.675)
  perekrestok: 'Промышленное производство' -> 'Замороженные полуфабрикаты (блины, котлеты и пр.)' (0.599)
  perekrestok: 'Техника для дома' -> 'Средства для чистки кухни' (0.539)
  perekrestok: 'Климатическая техника' -> 'Стики для систем нагревания' (0.621)
  perekrestok: 'Телефоны' -> 'Батарейки и лампочки' (0.391)
  perekrestok: 'Аудио- и видеотехника' -> 'Ликёры и наливки' (0.450)
  perekrestok: 'Женская одежда' -> 'Квашеная капуста' (0.623)
  perekrestok: 'Мужская одежда' -> 'Зажигалки и аксессуары' (0.601)
  perekrestok: 'Детская одежда' -> 'Игрушки и аксессуары' (0.595)
  perekrestok: 'Обувь' -> 'Стики для систем нагревания' (0.582)
  perekrestok: 'Медицинские материалы' -> 'Зажигалки и аксессуары' (0.668)
  perekrestok: 'Диагностические тесты' -> 'Контрацептивы' (0.513)
  okmarket-giper: 'Товары для дома' -> 'Хозяйственные товары' (0.617)
  okmarket-giper: 'Посуда и принадлежности' -> 'Ветчина' (0.656)
  okmarket-giper: 'Уход за полостью рта' -> 'Зубные пасты и щётки' (0.694)
  okmarket-giper: 'Для мамы' -> 'Жидкости для вейпов' (0.605)
  okmarket-giper: 'Для школы и офиса' -> 'Столовые приборы' (0.500)
  okmarket-giper: 'Автохимия и автокосметика' -> 'Джин и абсент' (0.520)
  okmarket-giper: 'Туризм и отдых на природе' -> 'Товары для барбекю и пикника' (0.404)
  okmarket-giper: 'Велоспорт' -> 'Креветки' (0.380)
  okmarket-giper: 'Водный спорт' -> 'Вода негазированная' (0.660)
  okmarket-giper: 'Тренажеры и фитнес' -> 'Протеин и спортивное питание' (0.524)
  okmarket-giper: 'Игры' -> 'Варенье' (0.619)
  okmarket-giper: 'Охрана и сигнализация' -> 'Освежители воздуха' (0.483)
  okmarket-giper: 'Рабочая одежда и обувь' -> 'Зажигалки и аксессуары' (0.675)
  okmarket-giper: 'Бассейны и аксессуары' -> 'Рыбные полуфабрикаты' (0.685)
  okmarket-giper: 'Садовая мебель' -> 'Садовый инвентарь' (0.653)
  okmarket-giper: 'Техника для дома' -> 'Средства для чистки кухни' (0.539)
  okmarket-giper: 'Телефоны' -> 'Батарейки и лампочки' (0.391)
  okmarket-giper: 'Портативная техника' -> 'Наполнители для лотков' (0.654)
  okmarket-giper: 'Аудио- и видеотехника' -> 'Ликёры и наливки' (0.450)
  okmarket-giper: 'Женская одежда' -> 'Квашеная капуста' (0.623)
  okmarket-giper: 'Мужская одежда' -> 'Зажигалки и аксессуары' (0.601)
  okmarket-giper: 'Обувь' -> 'Стики для систем нагревания' (0.582)
  okmarket-giper: 'Уход за больными' -> 'Сметана' (0.552)
  chizhik: 'Товары для дома' -> 'Хозяйственные товары' (0.617)
  chizhik: 'Посуда и принадлежности' -> 'Ветчина' (0.656)
  chizhik: 'Творчество, хобби, развлечения' -> 'Творог' (0.573)
  chizhik: 'Для Пасхи' -> 'Жидкости для вейпов' (0.560)
  chizhik: 'Уход за полостью рта' -> 'Зубные пасты и щётки' (0.694)
  chizhik: 'Для праздника' -> 'Ветчина' (0.673)
  chizhik: 'Детская комната' -> 'Влажные салфетки детские' (0.570)
  chizhik: 'Для школы и офиса' -> 'Столовые приборы' (0.500)
  chizhik: 'Автохимия и автокосметика' -> 'Джин и абсент' (0.520)
  chizhik: 'Мототехника' -> 'Кефир, ряженка, простокваша' (0.593)
  chizhik: 'Подарочные наборы' -> 'Хозяйственные товары' (0.649)
  chizhik: 'Периферийные устройства' -> 'Столовые приборы' (0.629)
  chizhik: 'Туризм и отдых на природе' -> 'Товары для барбекю и пикника' (0.404)
  chizhik: 'Велоспорт' -> 'Креветки' (0.380)
  chizhik: 'Тренажеры и фитнес' -> 'Протеин и спортивное питание' (0.524)
  chizhik: 'Игры' -> 'Варенье' (0.619)
  chizhik: 'Электрика' -> 'Батарейки и лампочки' (0.693)
  chizhik: 'Отопление и вентиляция' -> 'Освежители воздуха' (0.647)
  chizhik: 'Рабочая одежда и обувь' -> 'Зажигалки и аксессуары' (0.675)
  chizhik: 'Промышленное производство' -> 'Замороженные полуфабрикаты (блины, котлеты и пр.)' (0.599)
  chizhik: 'Садовая мебель' -> 'Садовый инвентарь' (0.653)
  chizhik: 'Техника для дома' -> 'Средства для чистки кухни' (0.539)
  chizhik: 'Климатическая техника' -> 'Стики для систем нагревания' (0.621)
  chizhik: 'Телефоны' -> 'Батарейки и лампочки' (0.391)
  chizhik: 'Портативная техника' -> 'Наполнители для лотков' (0.654)
  chizhik: 'Аудио- и видеотехника' -> 'Ликёры и наливки' (0.450)
  chizhik: 'Женская одежда' -> 'Квашеная капуста' (0.623)
  chizhik: 'Мужская одежда' -> 'Зажигалки и аксессуары' (0.601)
  chizhik: 'Детская одежда' -> 'Игрушки и аксессуары' (0.595)
  chizhik: 'Обувь' -> 'Стики для систем нагревания' (0.582)
  chizhik: 'Медицинские материалы' -> 'Зажигалки и аксессуары' (0.668)
  chizhik: 'Массажеры' -> 'Ветчина' (0.630)
  chizhik: 'Уход за больными' -> 'Сметана' (0.552)
  svetofor: 'Товары для дома' -> 'Хозяйственные товары' (0.617)
  svetofor: 'Посуда и принадлежности' -> 'Ветчина' (0.656)
  svetofor: 'Уход за полостью рта' -> 'Зубные пасты и щётки' (0.694)
  svetofor: 'Для праздника' -> 'Ветчина' (0.673)
  svetofor: 'Для школы и офиса' -> 'Столовые приборы' (0.500)
  svetofor: 'Автохимия и автокосметика' -> 'Джин и абсент' (0.520)
  svetofor: 'Туризм и отдых на природе' -> 'Товары для барбекю и пикника' (0.404)
  svetofor: 'Электрика' -> 'Батарейки и лампочки' (0.693)
  svetofor: 'Отопление и вентиляция' -> 'Освежители воздуха' (0.647)
  svetofor: 'Промышленное производство' -> 'Замороженные полуфабрикаты (блины, котлеты и пр.)' (0.599)
  svetofor: 'Бассейны и аксессуары' -> 'Рыбные полуфабрикаты' (0.685)
  svetofor: 'Садовая мебель' -> 'Садовый инвентарь' (0.653)
  svetofor: 'Аудио- и видеотехника' -> 'Ликёры и наливки' (0.450)
  svetofor: 'Женская одежда' -> 'Квашеная капуста' (0.623)
  svetofor: 'Мужская одежда' -> 'Зажигалки и аксессуары' (0.601)
  svetofor: 'Обувь' -> 'Стики для систем нагревания' (0.582)
  lenta: 'Товары для дома' -> 'Хозяйственные товары' (0.617)
  lenta: 'Посуда и принадлежности' -> 'Ветчина' (0.656)
  lenta: 'Уход за полостью рта' -> 'Зубные пасты и щётки' (0.694)
  lenta: 'Тренажеры и фитнес' -> 'Протеин и спортивное питание' (0.524)
  lenta: 'Электрика' -> 'Батарейки и лампочки' (0.693)
  lenta: 'Аудио- и видеотехника' -> 'Ликёры и наливки' (0.450)
  lenta: 'Женская одежда' -> 'Квашеная капуста' (0.623)
  lenta: 'Мужская одежда' -> 'Зажигалки и аксессуары' (0.601)
  lenta: 'Обувь' -> 'Стики для систем нагревания' (0.582)
  lenta: 'Медицинские материалы' -> 'Зажигалки и аксессуары' (0.668)
  lenta: 'Уход за больными' -> 'Сметана' (0.552)
  lenta: 'Творчество, хобби, развлечения' -> 'Творог' (0.573)
  lenta: 'Для Пасхи' -> 'Жидкости для вейпов' (0.560)
  lenta: 'Детский транспорт' -> 'Ветчина' (0.391)
  lenta: 'Для праздника' -> 'Ветчина' (0.673)
  lenta: 'Для мамы' -> 'Жидкости для вейпов' (0.605)
  lenta: 'Детская комната' -> 'Влажные салфетки детские' (0.570)
  lenta: 'Для школы и офиса' -> 'Столовые приборы' (0.500)
  lenta: 'Для офиса' -> 'Столовые приборы' (0.601)
  lenta: 'Автохимия и автокосметика' -> 'Джин и абсент' (0.520)
  lenta: 'Шины и диски' -> 'Мясные полуфабрикаты (котлеты, зразы и пр.)' (0.619)
  lenta: 'Подарочные наборы' -> 'Хозяйственные товары' (0.649)
  lenta: 'Туризм и отдых на природе' -> 'Товары для барбекю и пикника' (0.404)
  lenta: 'Велоспорт' -> 'Креветки' (0.380)
  lenta: 'Скейтбординг' -> 'Креветки' (0.423)
  lenta: 'Спортивная защита' -> 'Спортивные напитки' (0.518)
  lenta: 'Водный спорт' -> 'Вода негазированная' (0.660)
  lenta: 'Зимние виды спорта' -> 'Спортивные напитки' (0.398)
  lenta: 'Игры' -> 'Варенье' (0.619)
  lenta: 'Командные виды спорта' -> 'Спортивные напитки' (0.527)
  lenta: 'Охрана и сигнализация' -> 'Освежители воздуха' (0.483)
  lenta: 'Бассейны и аксессуары' -> 'Рыбные полуфабрикаты' (0.685)
  lenta: 'Садовая мебель' -> 'Садовый инвентарь' (0.653)
  lenta: 'Техника для дома' -> 'Средства для чистки кухни' (0.539)
  lenta: 'Климатическая техника' -> 'Стики для систем нагревания' (0.621)
  lenta: 'Телефоны' -> 'Батарейки и лампочки' (0.391)
  lenta: 'Портативная техника' -> 'Наполнители для лотков' (0.654)
  lenta: 'Детская одежда' -> 'Игрушки и аксессуары' (0.595)
  lenta: 'Массажеры' -> 'Ветчина' (0.630)
  verno: 'Товары для дома' -> 'Хозяйственные товары' (0.617)
  verno: 'Посуда и принадлежности' -> 'Ветчина' (0.656)
  verno: 'Уход за полостью рта' -> 'Зубные пасты и щётки' (0.694)
  verno: 'Для школы и офиса' -> 'Столовые приборы' (0.500)
  verno: 'Водный спорт' -> 'Вода негазированная' (0.660)
  verno: 'Игры' -> 'Варенье' (0.619)
  verno: 'Климатическая техника' -> 'Стики для систем нагревания' (0.621)
  verno: 'Женская одежда' -> 'Квашеная капуста' (0.623)
  verno: 'Обувь' -> 'Стики для систем нагревания' (0.582)
  vkusvill_offline: 'Товары для дома' -> 'Хозяйственные товары' (0.617)
  vkusvill_offline: 'Посуда и принадлежности' -> 'Ветчина' (0.656)
  vkusvill_offline: 'Творчество, хобби, развлечения' -> 'Творог' (0.573)
  vkusvill_offline: 'Для Пасхи' -> 'Жидкости для вейпов' (0.560)
  vkusvill_offline: 'Уход за полостью рта' -> 'Зубные пасты и щётки' (0.694)
  vkusvill_offline: 'Для праздника' -> 'Ветчина' (0.673)
  vkusvill_offline: 'Для школы и офиса' -> 'Столовые приборы' (0.500)
  vkusvill_offline: 'Подарочные сертификаты' -> 'Хозяйственные товары' (0.487)
  vkusvill_offline: 'Туризм и отдых на природе' -> 'Товары для барбекю и пикника' (0.404)
  vkusvill_offline: 'Тренажеры и фитнес' -> 'Протеин и спортивное питание' (0.524)
  vkusvill_offline: 'Аудио- и видеотехника' -> 'Ликёры и наливки' (0.450)
  vkusvill_offline: 'Женская одежда' -> 'Квашеная капуста' (0.623)
  vkusvill_offline: 'Мужская одежда' -> 'Зажигалки и аксессуары' (0.601)
  iarche: 'Товары для дома' -> 'Хозяйственные товары' (0.617)
  iarche: 'Посуда и принадлежности' -> 'Ветчина' (0.656)
  iarche: 'Уход за полостью рта' -> 'Зубные пасты и щётки' (0.694)
  iarche: 'Для школы и офиса' -> 'Столовые приборы' (0.500)
  iarche: 'Автохимия и автокосметика' -> 'Джин и абсент' (0.520)
  iarche: 'Тренажеры и фитнес' -> 'Протеин и спортивное питание' (0.524)
  iarche: 'Аудио- и видеотехника' -> 'Ликёры и наливки' (0.450)
  iarche: 'Женская одежда' -> 'Квашеная капуста' (0.623)
  iarche: 'Мужская одежда' -> 'Зажигалки и аксессуары' (0.601)
  iarche: 'Медицинские материалы' -> 'Зажигалки и аксессуары' (0.668)
  iarche: 'Уход за больными' -> 'Сметана' (0.552)
  market-da: 'Товары для дома' -> 'Хозяйственные товары' (0.617)
  market-da: 'Посуда и принадлежности' -> 'Ветчина' (0.656)
  market-da: 'Уход за полостью рта' -> 'Зубные пасты и щётки' (0.694)
  market-da: 'Для школы и офиса' -> 'Столовые приборы' (0.500)
  market-da: 'Водный спорт' -> 'Вода негазированная' (0.660)
  market-da: 'Тренажеры и фитнес' -> 'Протеин и спортивное питание' (0.524)
  market-da: 'Бассейны и аксессуары' -> 'Рыбные полуфабрикаты' (0.685)
  market-da: 'Садовая мебель' -> 'Садовый инвентарь' (0.653)
  market-da: 'Техника для дома' -> 'Средства для чистки кухни' (0.539)
  market-da: 'Климатическая техника' -> 'Стики для систем нагревания' (0.621)
  market-da: 'Женская одежда' -> 'Квашеная капуста' (0.623)
  market-da: 'Мужская одежда' -> 'Зажигалки и аксессуары' (0.601)
  market-da: 'Обувь' -> 'Стики для систем нагревания' (0.582)
  avoska: 'Товары для дома' -> 'Хозяйственные товары' (0.617)
  avoska: 'Посуда и принадлежности' -> 'Ветчина' (0.656)
  avoska: 'Творчество, хобби, развлечения' -> 'Творог' (0.573)
  avoska: 'Для Пасхи' -> 'Жидкости для вейпов' (0.560)
  avoska: 'Уход за полостью рта' -> 'Зубные пасты и щётки' (0.694)
  avoska: 'Для праздника' -> 'Ветчина' (0.673)
  avoska: 'Для школы и офиса' -> 'Столовые приборы' (0.500)
  avoska: 'Для офиса' -> 'Столовые приборы' (0.601)
  avoska: 'Автохимия и автокосметика' -> 'Джин и абсент' (0.520)
  avoska: 'Подарочные наборы' -> 'Хозяйственные товары' (0.649)
  avoska: 'Игры для компаний' -> 'Игрушки и аксессуары' (0.504)
  avoska: 'Туризм и отдых на природе' -> 'Товары для барбекю и пикника' (0.404)
  avoska: 'Тренажеры и фитнес' -> 'Протеин и спортивное питание' (0.524)
  avoska: 'Игры' -> 'Варенье' (0.619)
  avoska: 'Электрика' -> 'Батарейки и лампочки' (0.693)
  avoska: 'Строительство' -> 'Творог' (0.608)
  avoska: 'Телефоны' -> 'Батарейки и лампочки' (0.391)
  avoska: 'Аудио- и видеотехника' -> 'Ликёры и наливки' (0.450)
  avoska: 'Женская одежда' -> 'Квашеная капуста' (0.623)
  avoska: 'Мужская одежда' -> 'Зажигалки и аксессуары' (0.601)
  avoska: 'Детская одежда' -> 'Игрушки и аксессуары' (0.595)
  avoska: 'Обувь' -> 'Стики для систем нагревания' (0.582)
  avoska: 'Медицинские материалы' -> 'Зажигалки и аксессуары' (0.668)
  avoska: 'Медицинские приборы' -> 'Лекарства и аптечные товары' (0.692)
  auchan: 'Товары для дома' -> 'Хозяйственные товары' (0.617)
  auchan: 'Посуда и принадлежности' -> 'Ветчина' (0.656)
  auchan: 'Творчество, хобби, развлечения' -> 'Творог' (0.573)
  auchan: 'Для Пасхи' -> 'Жидкости для вейпов' (0.560)
  auchan: 'Уход за полостью рта' -> 'Зубные пасты и щётки' (0.694)
  auchan: 'Для праздника' -> 'Ветчина' (0.673)
  auchan: 'Детская комната' -> 'Влажные салфетки детские' (0.570)
  auchan: 'Для школы и офиса' -> 'Столовые приборы' (0.500)
  auchan: 'Для офиса' -> 'Столовые приборы' (0.601)
  auchan: 'Автохимия и автокосметика' -> 'Джин и абсент' (0.520)
  auchan: 'Автомобильные инструменты' -> 'Кефир, ряженка, простокваша' (0.628)
  auchan: 'Подарочные наборы' -> 'Хозяйственные товары' (0.649)
  auchan: 'Флаги и гербы' -> 'Булки и батоны' (0.484)
  auchan: 'Игры для компаний' -> 'Игрушки и аксессуары' (0.504)
  auchan: 'Детская литература' -> 'Творог' (0.522)
  auchan: 'Журналы и газеты' -> 'Булки и батоны' (0.450)
  auchan: 'Периферийные устройства' -> 'Столовые приборы' (0.629)
  auchan: 'Туризм и отдых на природе' -> 'Товары для барбекю и пикника' (0.404)
  auchan: 'Водный спорт' -> 'Вода негазированная' (0.660)
  auchan: 'Тренажеры и фитнес' -> 'Протеин и спортивное питание' (0.524)
  auchan: 'Игры' -> 'Варенье' (0.619)
  auchan: 'Командные виды спорта' -> 'Спортивные напитки' (0.527)
  auchan: 'Электрика' -> 'Батарейки и лампочки' (0.693)
  auchan: 'Двери, окна и скобяные изделия' -> 'Кружки, стаканы и бокалы' (0.644)
  auchan: 'Оборудование для магазинов' -> 'Хозяйственные товары' (0.619)
  auchan: 'Охрана и сигнализация' -> 'Освежители воздуха' (0.483)
  auchan: 'Промышленное производство' -> 'Замороженные полуфабрикаты (блины, котлеты и пр.)' (0.599)
  auchan: 'Бассейны и аксессуары' -> 'Рыбные полуфабрикаты' (0.685)
  auchan: 'Садовая мебель' -> 'Садовый инвентарь' (0.653)
  auchan: 'Техника для дома' -> 'Средства для чистки кухни' (0.539)
  auchan: 'Климатическая техника' -> 'Стики для систем нагревания' (0.621)
  auchan: 'Телефоны' -> 'Батарейки и лампочки' (0.391)
  auchan: 'Портативная техника' -> 'Наполнители для лотков' (0.654)
  auchan: 'Аудио- и видеотехника' -> 'Ликёры и наливки' (0.450)
  auchan: 'Женская одежда' -> 'Квашеная капуста' (0.623)
  auchan: 'Мужская одежда' -> 'Зажигалки и аксессуары' (0.601)
  auchan: 'Детская одежда' -> 'Игрушки и аксессуары' (0.595)
  auchan: 'Обувь' -> 'Стики для систем нагревания' (0.582)
  auchan: 'Медицинские материалы' -> 'Зажигалки и аксессуары' (0.668)
  auchan: 'Медицинские приборы' -> 'Лекарства и аптечные товары' (0.692)
  auchan: 'Массажеры' -> 'Ветчина' (0.630)
  auchan: 'Уход за больными' -> 'Сметана' (0.552)
  r-ulybka: 'Товары для дома' -> 'Хозяйственные товары' (0.617)
  r-ulybka: 'Посуда и принадлежности' -> 'Ветчина' (0.656)
  r-ulybka: 'Уход за полостью рта' -> 'Зубные пасты и щётки' (0.694)
  r-ulybka: 'Для праздника' -> 'Ветчина' (0.673)
  r-ulybka: 'Для школы и офиса' -> 'Столовые приборы' (0.500)
  r-ulybka: 'Мототехника' -> 'Кефир, ряженка, простокваша' (0.593)
  r-ulybka: 'Подарочные наборы' -> 'Хозяйственные товары' (0.649)
  r-ulybka: 'Периферийные устройства' -> 'Столовые приборы' (0.629)
  r-ulybka: 'Тренажеры и фитнес' -> 'Протеин и спортивное питание' (0.524)
  r-ulybka: 'Сфера услуг' -> 'Контейнеры и ланч-боксы' (0.478)
  r-ulybka: 'Аудио- и видеотехника' -> 'Ликёры и наливки' (0.450)
  r-ulybka: 'Детская одежда' -> 'Игрушки и аксессуары' (0.595)
  r-ulybka: 'Обувь' -> 'Стики для систем нагревания' (0.582)
  r-ulybka: 'Медицинские материалы' -> 'Зажигалки и аксессуары' (0.668)
  r-ulybka: 'Диагностические тесты' -> 'Контрацептивы' (0.513)
  r-ulybka: 'Уход за больными' -> 'Сметана' (0.552)
  poliarnaia_zvezda: 'Тренажеры и фитнес' -> 'Протеин и спортивное питание' (0.524)
  riv-gosh: 'Товары для дома' -> 'Хозяйственные товары' (0.617)
  riv-gosh: 'Посуда и принадлежности' -> 'Ветчина' (0.656)
  riv-gosh: 'Творчество, хобби, развлечения' -> 'Творог' (0.573)
  riv-gosh: 'Уход за полостью рта' -> 'Зубные пасты и щётки' (0.694)
  riv-gosh: 'Для мамы' -> 'Жидкости для вейпов' (0.605)
  riv-gosh: 'Для школы и офиса' -> 'Столовые приборы' (0.500)
  riv-gosh: 'Автохимия и автокосметика' -> 'Джин и абсент' (0.520)
  riv-gosh: 'Подарочные наборы' -> 'Хозяйственные товары' (0.649)
  eshyo: 'Товары для дома' -> 'Хозяйственные товары' (0.617)
  eshyo: 'Посуда и принадлежности' -> 'Ветчина' (0.656)
  eshyo: 'Творчество, хобби, развлечения' -> 'Творог' (0.573)
  eshyo: 'Для Пасхи' -> 'Жидкости для вейпов' (0.560)
  eshyo: 'Уход за полостью рта' -> 'Зубные пасты и щётки' (0.694)
  eshyo: 'Для праздника' -> 'Ветчина' (0.673)
  eshyo: 'Для мамы' -> 'Жидкости для вейпов' (0.605)
  eshyo: 'Детская комната' -> 'Влажные салфетки детские' (0.570)
  eshyo: 'Для школы и офиса' -> 'Столовые приборы' (0.500)
  eshyo: 'Для офиса' -> 'Столовые приборы' (0.601)
  eshyo: 'Автохимия и автокосметика' -> 'Джин и абсент' (0.520)
  eshyo: 'Автомобильные инструменты' -> 'Кефир, ряженка, простокваша' (0.628)
  eshyo: 'Подарочные наборы' -> 'Хозяйственные товары' (0.649)
  eshyo: 'Сетевое оборудование' -> 'Столовые приборы' (0.588)
  eshyo: 'Оборудование для презентаций' -> 'Столовые приборы' (0.582)
  eshyo: 'Периферийные устройства' -> 'Столовые приборы' (0.629)
  eshyo: 'Организация рабочего места' -> 'Кондиционеры для белья' (0.456)
  eshyo: 'Туризм и отдых на природе' -> 'Товары для барбекю и пикника' (0.404)
  eshyo: 'Велоспорт' -> 'Креветки' (0.380)
  eshyo: 'Спортивная защита' -> 'Спортивные напитки' (0.518)
  eshyo: 'Водный спорт' -> 'Вода негазированная' (0.660)
  eshyo: 'Тренажеры и фитнес' -> 'Протеин и спортивное питание' (0.524)
  eshyo: 'Игры' -> 'Варенье' (0.619)
  eshyo: 'Электрика' -> 'Батарейки и лампочки' (0.693)
  eshyo: 'Двери, окна и скобяные изделия' -> 'Кружки, стаканы и бокалы' (0.644)
  eshyo: 'Охрана и сигнализация' -> 'Освежители воздуха' (0.483)
  eshyo: 'Промышленное производство' -> 'Замороженные полуфабрикаты (блины, котлеты и пр.)' (0.599)
  eshyo: 'Садовая мебель' -> 'Садовый инвентарь' (0.653)
  eshyo: 'Техника для дома' -> 'Средства для чистки кухни' (0.539)
  eshyo: 'Климатическая техника' -> 'Стики для систем нагревания' (0.621)
  eshyo: 'Телефоны' -> 'Батарейки и лампочки' (0.391)
  eshyo: 'Портативная техника' -> 'Наполнители для лотков' (0.654)
  eshyo: 'Аудио- и видеотехника' -> 'Ликёры и наливки' (0.450)
  eshyo: 'Женская одежда' -> 'Квашеная капуста' (0.623)
  eshyo: 'Обувь' -> 'Стики для систем нагревания' (0.582)
  eshyo: 'Медицинские материалы' -> 'Зажигалки и аксессуары' (0.668)
  eshyo: 'Оптика' -> 'Кружки, стаканы и бокалы' (0.530)
  eshyo: 'Медицинские приборы' -> 'Лекарства и аптечные товары' (0.692)
  eshyo: 'Диагностические тесты' -> 'Контрацептивы' (0.513)
  eshyo: 'Массажеры' -> 'Ветчина' (0.630)
  eshyo: 'Народная медицина' -> 'Лекарства и аптечные товары' (0.648)
  zolotoe-yabloko: 'Товары для дома' -> 'Хозяйственные товары' (0.617)
  zolotoe-yabloko: 'Посуда и принадлежности' -> 'Ветчина' (0.656)
  zolotoe-yabloko: 'Творчество, хобби, развлечения' -> 'Творог' (0.573)
  zolotoe-yabloko: 'Уход за полостью рта' -> 'Зубные пасты и щётки' (0.694)
  zolotoe-yabloko: 'Для мамы' -> 'Жидкости для вейпов' (0.605)
  zolotoe-yabloko: 'Для школы и офиса' -> 'Столовые приборы' (0.500)
  zolotoe-yabloko: 'Музыкальные инструменты' -> 'Джин и абсент' (0.488)
  zolotoe-yabloko: 'Подарочные наборы' -> 'Хозяйственные товары' (0.649)
  zolotoe-yabloko: 'Сфера услуг' -> 'Контейнеры и ланч-боксы' (0.478)
  zolotoe-yabloko: 'Женская одежда' -> 'Квашеная капуста' (0.623)
  zolotoe-yabloko: 'Мужская одежда' -> 'Зажигалки и аксессуары' (0.601)
  zolotoe-yabloko: 'Детская одежда' -> 'Игрушки и аксессуары' (0.595)
  dobryninskij: 'Товары для дома' -> 'Хозяйственные товары' (0.617)
  dobryninskij: 'Посуда и принадлежности' -> 'Ветчина' (0.656)
  dobryninskij: 'Для праздника' -> 'Ветчина' (0.673)
  dobryninskij: 'Подарочные сертификаты' -> 'Хозяйственные товары' (0.487)
  dobryninskij: 'Двери, окна и скобяные изделия' -> 'Кружки, стаканы и бокалы' (0.644)
  podrygka: 'Товары для дома' -> 'Хозяйственные товары' (0.617)
  podrygka: 'Посуда и принадлежности' -> 'Ветчина' (0.656)
  podrygka: 'Творчество, хобби, развлечения' -> 'Творог' (0.573)
  podrygka: 'Уход за полостью рта' -> 'Зубные пасты и щётки' (0.694)
  podrygka: 'Для праздника' -> 'Ветчина' (0.673)
  podrygka: 'Для школы и офиса' -> 'Столовые приборы' (0.500)
  podrygka: 'Автохимия и автокосметика' -> 'Джин и абсент' (0.520)
  podrygka: 'Подарочные наборы' -> 'Хозяйственные товары' (0.649)
  podrygka: 'Туризм и отдых на природе' -> 'Товары для барбекю и пикника' (0.404)
  podrygka: 'Сфера услуг' -> 'Контейнеры и ланч-боксы' (0.478)
  podrygka: 'Телефоны' -> 'Батарейки и лампочки' (0.391)
  podrygka: 'Женская одежда' -> 'Квашеная капуста' (0.623)
  podrygka: 'Мужская одежда' -> 'Зажигалки и аксессуары' (0.601)
  podrygka: 'Медицинские материалы' -> 'Зажигалки и аксессуары' (0.668)
  detmir: 'Товары для дома' -> 'Хозяйственные товары' (0.617)
  detmir: 'Посуда и принадлежности' -> 'Ветчина' (0.656)
  detmir: 'Творчество, хобби, развлечения' -> 'Творог' (0.573)
  detmir: 'Уход за полостью рта' -> 'Зубные пасты и щётки' (0.694)
  detmir: 'Для праздника' -> 'Ветчина' (0.673)
  detmir: 'Для мамы' -> 'Жидкости для вейпов' (0.605)
  detmir: 'Для школы и офиса' -> 'Столовые приборы' (0.500)
  detmir: 'Автохимия и автокосметика' -> 'Джин и абсент' (0.520)
  detmir: 'Подарочные наборы' -> 'Хозяйственные товары' (0.649)
  detmir: 'Туризм и отдых на природе' -> 'Товары для барбекю и пикника' (0.404)
  detmir: 'Тренажеры и фитнес' -> 'Протеин и спортивное питание' (0.524)
  detmir: 'Оборудование для магазинов' -> 'Хозяйственные товары' (0.619)
  detmir: 'Сценическое и аудиооборудование' -> 'Столовые приборы' (0.533)
  detmir: 'Бассейны и аксессуары' -> 'Рыбные полуфабрикаты' (0.685)
  detmir: 'Садовая мебель' -> 'Садовый инвентарь' (0.653)
  detmir: 'Аудио- и видеотехника' -> 'Ликёры и наливки' (0.450)
  detmir: 'Женская одежда' -> 'Квашеная капуста' (0.623)
  detmir: 'Мужская одежда' -> 'Зажигалки и аксессуары' (0.601)
  detmir: 'Детская одежда' -> 'Игрушки и аксессуары' (0.595)
  detmir: 'Медицинские материалы' -> 'Зажигалки и аксессуары' (0.668)
  detmir: 'Оптика' -> 'Кружки, стаканы и бокалы' (0.530)
  detmir: 'Уход за больными' -> 'Сметана' (0.552)
  detmir: 'Народная медицина' -> 'Лекарства и аптечные товары' (0.648)
  azbuka-daily: 'Товары для дома' -> 'Хозяйственные товары' (0.617)
  azbuka-daily: 'Подарочные наборы' -> 'Хозяйственные товары' (0.649)
  azbuka-daily: 'Тренажеры и фитнес' -> 'Протеин и спортивное питание' (0.524)
  metro-cc: 'Товары для дома' -> 'Хозяйственные товары' (0.617)
  metro-cc: 'Посуда и принадлежности' -> 'Ветчина' (0.656)
  metro-cc: 'Творчество, хобби, развлечения' -> 'Творог' (0.573)
  metro-cc: 'Уход за полостью рта' -> 'Зубные пасты и щётки' (0.694)
  metro-cc: 'Для праздника' -> 'Ветчина' (0.673)
  metro-cc: 'Для мамы' -> 'Жидкости для вейпов' (0.605)
  metro-cc: 'Для школы и офиса' -> 'Столовые приборы' (0.500)
  metro-cc: 'Для офиса' -> 'Столовые приборы' (0.601)
  metro-cc: 'Автохимия и автокосметика' -> 'Джин и абсент' (0.520)
  metro-cc: 'Автомобильные инструменты' -> 'Кефир, ряженка, простокваша' (0.628)
  metro-cc: 'Подарочные наборы' -> 'Хозяйственные товары' (0.649)
  metro-cc: 'Туризм и отдых на природе' -> 'Товары для барбекю и пикника' (0.404)
  metro-cc: 'Тренажеры и фитнес' -> 'Протеин и спортивное питание' (0.524)
  metro-cc: 'Электрика' -> 'Батарейки и лампочки' (0.693)
  metro-cc: 'Оборудование для магазинов' -> 'Хозяйственные товары' (0.619)
  metro-cc: 'Рабочая одежда и обувь' -> 'Зажигалки и аксессуары' (0.675)
  metro-cc: 'Бассейны и аксессуары' -> 'Рыбные полуфабрикаты' (0.685)
  metro-cc: 'Садовая мебель' -> 'Садовый инвентарь' (0.653)
  metro-cc: 'Техника для дома' -> 'Средства для чистки кухни' (0.539)
  metro-cc: 'Климатическая техника' -> 'Стики для систем нагревания' (0.621)
  metro-cc: 'Аудио- и видеотехника' -> 'Ликёры и наливки' (0.450)
  metro-cc: 'Женская одежда' -> 'Квашеная капуста' (0.623)
  metro-cc: 'Мужская одежда' -> 'Зажигалки и аксессуары' (0.601)
  metro-cc: 'Обувь' -> 'Стики для систем нагревания' (0.582)
  kuul-klever-myasnov-otdohni: 'Товары для дома' -> 'Хозяйственные товары' (0.617)
  kuul-klever-myasnov-otdohni: 'Тренажеры и фитнес' -> 'Протеин и спортивное питание' (0.524)
  winelab: 'Товары для дома' -> 'Хозяйственные товары' (0.617)
  winelab: 'Посуда и принадлежности' -> 'Ветчина' (0.656)
  winelab: 'Уход за полостью рта' -> 'Зубные пасты и щётки' (0.694)
  winelab: 'Тренажеры и фитнес' -> 'Протеин и спортивное питание' (0.524)
  ramenskii_delikates: 'Товары для дома' -> 'Хозяйственные товары' (0.617)
  ramenskii_delikates: 'Посуда и принадлежности' -> 'Ветчина' (0.656)
  ramenskii_delikates: 'Уход за полостью рта' -> 'Зубные пасты и щётки' (0.694)
  bristol: 'Товары для дома' -> 'Хозяйственные товары' (0.617)
  bristol: 'Посуда и принадлежности' -> 'Ветчина' (0.656)
  bristol: 'Для праздника' -> 'Ветчина' (0.673)
  bristol: 'Для школы и офиса' -> 'Столовые приборы' (0.500)
  bristol: 'Тренажеры и фитнес' -> 'Протеин и спортивное питание' (0.524)
  bristol: 'Аудио- и видеотехника' -> 'Ликёры и наливки' (0.450)
  bristol: 'Мужская одежда' -> 'Зажигалки и аксессуары' (0.601)
  vingarazh: 'Товары для дома' -> 'Хозяйственные товары' (0.617)
  vingarazh: 'Посуда и принадлежности' -> 'Ветчина' (0.656)
  vingarazh: 'Уход за полостью рта' -> 'Зубные пасты и щётки' (0.694)
  vingarazh: 'Для школы и офиса' -> 'Столовые приборы' (0.500)
  vingarazh: 'Аудио- и видеотехника' -> 'Ликёры и наливки' (0.450)
  vingarazh: 'Медицинские материалы' -> 'Зажигалки и аксессуары' (0.668)
  gastronombim: 'Уход за полостью рта' -> 'Зубные пасты и щётки' (0.694)
  magnit-apteka: 'Медицинские материалы' -> 'Зажигалки и аксессуары' (0.668)
  magnit-apteka: 'Медицинские приборы' -> 'Лекарства и аптечные товары' (0.692)
  letual: 'Товары для дома' -> 'Хозяйственные товары' (0.617)
  letual: 'Посуда и принадлежности' -> 'Ветчина' (0.656)
  letual: 'Творчество, хобби, развлечения' -> 'Творог' (0.573)
  letual: 'Уход за полостью рта' -> 'Зубные пасты и щётки' (0.694)
  letual: 'Для праздника' -> 'Ветчина' (0.673)
  letual: 'Для мамы' -> 'Жидкости для вейпов' (0.605)
  letual: 'Детская комната' -> 'Влажные салфетки детские' (0.570)
  letual: 'Для школы и офиса' -> 'Столовые приборы' (0.500)
  letual: 'Для офиса' -> 'Столовые приборы' (0.601)
  letual: 'Ранцы, рюкзаки, портфели' -> 'Упаковка (плёнка, фольга, пакеты)' (0.619)
  letual: 'Музыкальные инструменты' -> 'Джин и абсент' (0.488)
  letual: 'Подарочные наборы' -> 'Хозяйственные товары' (0.649)
  letual: 'Нехудожественная литература' -> 'Творог' (0.637)
  letual: 'Туризм и отдых на природе' -> 'Товары для барбекю и пикника' (0.404)
  letual: 'Тренажеры и фитнес' -> 'Протеин и спортивное питание' (0.524)
  letual: 'Электрика' -> 'Батарейки и лампочки' (0.693)
  letual: 'Сфера услуг' -> 'Контейнеры и ланч-боксы' (0.478)
  letual: 'Климатическая техника' -> 'Стики для систем нагревания' (0.621)
  letual: 'Телефоны' -> 'Батарейки и лампочки' (0.391)
  letual: 'Женская одежда' -> 'Квашеная капуста' (0.623)
  letual: 'Мужская одежда' -> 'Зажигалки и аксессуары' (0.601)
  letual: 'Детская одежда' -> 'Игрушки и аксессуары' (0.595)
  letual: 'Медицинские материалы' -> 'Зажигалки и аксессуары' (0.668)
  letual: 'Оптика' -> 'Кружки, стаканы и бокалы' (0.530)
  letual: 'Медицинские приборы' -> 'Лекарства и аптечные товары' (0.692)
  letual: 'Массажеры' -> 'Ветчина' (0.630)
  letual: 'Уход за больными' -> 'Сметана' (0.552)
  simplewine: 'Товары для дома' -> 'Хозяйственные товары' (0.617)
  simplewine: 'Посуда и принадлежности' -> 'Ветчина' (0.656)
  simplewine: 'Ранцы, рюкзаки, портфели' -> 'Упаковка (плёнка, фольга, пакеты)' (0.619)
  simplewine: 'Подарочные наборы' -> 'Хозяйственные товары' (0.649)
  simplewine: 'Музыка' -> 'Ветчина' (0.630)
  simplewine: 'Туризм и отдых на природе' -> 'Товары для барбекю и пикника' (0.404)
  simplewine: 'Аудио- и видеотехника' -> 'Ликёры и наливки' (0.450)
  apteka-366: 'Уход за полостью рта' -> 'Зубные пасты и щётки' (0.694)
  apteka-366: 'Медицинские материалы' -> 'Зажигалки и аксессуары' (0.668)
  magazin-postoyannyh-rasprodazh: 'Товары для дома' -> 'Хозяйственные товары' (0.617)
  magazin-postoyannyh-rasprodazh: 'Посуда и принадлежности' -> 'Ветчина' (0.656)
  magazin-postoyannyh-rasprodazh: 'Творчество, хобби, развлечения' -> 'Творог' (0.573)
  magazin-postoyannyh-rasprodazh: 'Для Пасхи' -> 'Жидкости для вейпов' (0.560)
  magazin-postoyannyh-rasprodazh: 'Уход за полостью рта' -> 'Зубные пасты и щётки' (0.694)
  magazin-postoyannyh-rasprodazh: 'Для праздника' -> 'Ветчина' (0.673)
  magazin-postoyannyh-rasprodazh: 'Детская комната' -> 'Влажные салфетки детские' (0.570)
  magazin-postoyannyh-rasprodazh: 'Для школы и офиса' -> 'Столовые приборы' (0.500)
  magazin-postoyannyh-rasprodazh: 'Для офиса' -> 'Столовые приборы' (0.601)
  magazin-postoyannyh-rasprodazh: 'Автохимия и автокосметика' -> 'Джин и абсент' (0.520)
  magazin-postoyannyh-rasprodazh: 'Электроника' -> 'Батарейки и лампочки' (0.567)
  magazin-postoyannyh-rasprodazh: 'Шины и диски' -> 'Мясные полуфабрикаты (котлеты, зразы и пр.)' (0.619)
  magazin-postoyannyh-rasprodazh: 'Автомобильные инструменты' -> 'Кефир, ряженка, простокваша' (0.628)
  magazin-postoyannyh-rasprodazh: 'Подарочные наборы' -> 'Хозяйственные товары' (0.649)
  magazin-postoyannyh-rasprodazh: 'Флаги и гербы' -> 'Булки и батоны' (0.484)
  magazin-postoyannyh-rasprodazh: 'Комиксы и манга' -> 'Творог' (0.522)
  magazin-postoyannyh-rasprodazh: 'Периферийные устройства' -> 'Столовые приборы' (0.629)
  magazin-postoyannyh-rasprodazh: 'Туризм и отдых на природе' -> 'Товары для барбекю и пикника' (0.404)
  magazin-postoyannyh-rasprodazh: 'Велоспорт' -> 'Креветки' (0.380)
  magazin-postoyannyh-rasprodazh: 'Спортивная защита' -> 'Спортивные напитки' (0.518)
  magazin-postoyannyh-rasprodazh: 'Водный спорт' -> 'Вода негазированная' (0.660)
  magazin-postoyannyh-rasprodazh: 'Тренажеры и фитнес' -> 'Протеин и спортивное питание' (0.524)
  magazin-postoyannyh-rasprodazh: 'Игры' -> 'Варенье' (0.619)
  magazin-postoyannyh-rasprodazh: 'Командные виды спорта' -> 'Спортивные напитки' (0.527)
  magazin-postoyannyh-rasprodazh: 'Электрика' -> 'Батарейки и лампочки' (0.693)
  magazin-postoyannyh-rasprodazh: 'Отопление и вентиляция' -> 'Освежители воздуха' (0.647)
  magazin-postoyannyh-rasprodazh: 'Двери, окна и скобяные изделия' -> 'Кружки, стаканы и бокалы' (0.644)
  magazin-postoyannyh-rasprodazh: 'Оборудование для магазинов' -> 'Хозяйственные товары' (0.619)
  magazin-postoyannyh-rasprodazh: 'Охрана и сигнализация' -> 'Освежители воздуха' (0.483)
  magazin-postoyannyh-rasprodazh: 'Промышленное производство' -> 'Замороженные полуфабрикаты (блины, котлеты и пр.)' (0.599)
  magazin-postoyannyh-rasprodazh: 'Сфера услуг' -> 'Контейнеры и ланч-боксы' (0.478)
  magazin-postoyannyh-rasprodazh: 'Бассейны и аксессуары' -> 'Рыбные полуфабрикаты' (0.685)
  magazin-postoyannyh-rasprodazh: 'Садовая мебель' -> 'Садовый инвентарь' (0.653)
  magazin-postoyannyh-rasprodazh: 'Техника для дома' -> 'Средства для чистки кухни' (0.539)
  magazin-postoyannyh-rasprodazh: 'Климатическая техника' -> 'Стики для систем нагревания' (0.621)
  magazin-postoyannyh-rasprodazh: 'Телефоны' -> 'Батарейки и лампочки' (0.391)
  magazin-postoyannyh-rasprodazh: 'Портативная техника' -> 'Наполнители для лотков' (0.654)
  magazin-postoyannyh-rasprodazh: 'Оптические приборы' -> 'Кружки, стаканы и бокалы' (0.575)
  magazin-postoyannyh-rasprodazh: 'Аудио- и видеотехника' -> 'Ликёры и наливки' (0.450)
  magazin-postoyannyh-rasprodazh: 'Мужская одежда' -> 'Зажигалки и аксессуары' (0.601)
  magazin-postoyannyh-rasprodazh: 'Детская одежда' -> 'Игрушки и аксессуары' (0.595)
  magazin-postoyannyh-rasprodazh: 'Обувь' -> 'Стики для систем нагревания' (0.582)
  magazin-postoyannyh-rasprodazh: 'Медицинские материалы' -> 'Зажигалки и аксессуары' (0.668)
  magazin-postoyannyh-rasprodazh: 'Оптика' -> 'Кружки, стаканы и бокалы' (0.530)
  magazin-postoyannyh-rasprodazh: 'Массажеры' -> 'Ветчина' (0.630)
  magazin-postoyannyh-rasprodazh: 'Уход за больными' -> 'Сметана' (0.552)
  magazin-postoyannyh-rasprodazh: 'Народная медицина' -> 'Лекарства и аптечные товары' (0.648)
  gorzdrav: 'Товары для дома' -> 'Хозяйственные товары' (0.617)
  gorzdrav: 'Уход за полостью рта' -> 'Зубные пасты и щётки' (0.694)
  gorzdrav: 'Медицинские материалы' -> 'Зажигалки и аксессуары' (0.668)
  4lapy: 'Товары для дома' -> 'Хозяйственные товары' (0.617)
  4lapy: 'Бассейны и аксессуары' -> 'Рыбные полуфабрикаты' (0.685)
  azbuka_vkusa: 'Товары для дома' -> 'Хозяйственные товары' (0.617)
  azbuka_vkusa: 'Подарочные наборы' -> 'Хозяйственные товары' (0.649)
  azbuka_vkusa: 'Тренажеры и фитнес' -> 'Протеин и спортивное питание' (0.524)
  bykosmetika: 'Уход за полостью рта' -> 'Зубные пасты и щётки' (0.694)
  bykosmetika: 'Для школы и офиса' -> 'Столовые приборы' (0.500)
  apteki-dialog: 'Товары для дома' -> 'Хозяйственные товары' (0.617)
  apteki-dialog: 'Уход за полостью рта' -> 'Зубные пасты и щётки' (0.694)
  apteki-dialog: 'Для мамы' -> 'Жидкости для вейпов' (0.605)
  apteki-dialog: 'Для школы и офиса' -> 'Столовые приборы' (0.500)
  apteki-dialog: 'Спортивная защита' -> 'Спортивные напитки' (0.518)
  apteki-dialog: 'Тренажеры и фитнес' -> 'Протеин и спортивное питание' (0.524)
  apteki-dialog: 'Сфера услуг' -> 'Контейнеры и ланч-боксы' (0.478)
  apteki-dialog: 'Медицинские материалы' -> 'Зажигалки и аксессуары' (0.668)
  apteki-dialog: 'Оптика' -> 'Кружки, стаканы и бокалы' (0.530)
  apteki-dialog: 'Медицинские приборы' -> 'Лекарства и аптечные товары' (0.692)
  apteki-dialog: 'Диагностические тесты' -> 'Контрацептивы' (0.513)
  apteki-dialog: 'Уход за больными' -> 'Сметана' (0.552)
  apteki-dialog: 'Народная медицина' -> 'Лекарства и аптечные товары' (0.648)
  td-domovoj: 'Товары для дома' -> 'Хозяйственные товары' (0.617)
  td-domovoj: 'Посуда и принадлежности' -> 'Ветчина' (0.656)
  td-domovoj: 'Уход за полостью рта' -> 'Зубные пасты и щётки' (0.694)
  td-domovoj: 'Для праздника' -> 'Ветчина' (0.673)
  td-domovoj: 'Для школы и офиса' -> 'Столовые приборы' (0.500)
  td-domovoj: 'Для офиса' -> 'Столовые приборы' (0.601)
  td-domovoj: 'Мототехника' -> 'Кефир, ряженка, простокваша' (0.593)
  td-domovoj: 'Туризм и отдых на природе' -> 'Товары для барбекю и пикника' (0.404)
  td-domovoj: 'Электрика' -> 'Батарейки и лампочки' (0.693)
  td-domovoj: 'Рабочая одежда и обувь' -> 'Зажигалки и аксессуары' (0.675)
  td-domovoj: 'Садовая мебель' -> 'Садовый инвентарь' (0.653)
  td-domovoj: 'Климатическая техника' -> 'Стики для систем нагревания' (0.621)
  td-domovoj: 'Аудио- и видеотехника' -> 'Ликёры и наливки' (0.450)
  td-domovoj: 'Обувь' -> 'Стики для систем нагревания' (0.582)
  zoozavr_off: 'Товары для дома' -> 'Хозяйственные товары' (0.617)
  zoozavr_off: 'Посуда и принадлежности' -> 'Ветчина' (0.656)
  zoozavr_off: 'Для школы и офиса' -> 'Столовые приборы' (0.500)
  zoozavr_off: 'Мужская одежда' -> 'Зажигалки и аксессуары' (0.601)
  zoozavr_off: 'Детская одежда' -> 'Игрушки и аксессуары' (0.595)
  petshop1: 'Товары для дома' -> 'Хозяйственные товары' (0.617)
  petshop1: 'Посуда и принадлежности' -> 'Ветчина' (0.656)
  petshop1: 'Творчество, хобби, развлечения' -> 'Творог' (0.573)
  petshop1: 'Уход за полостью рта' -> 'Зубные пасты и щётки' (0.694)
  petshop1: 'Для праздника' -> 'Ветчина' (0.673)
  petshop1: 'Для школы и офиса' -> 'Столовые приборы' (0.500)
  petshop1: 'Автохимия и автокосметика' -> 'Джин и абсент' (0.520)
  petshop1: 'Подарочные сертификаты' -> 'Хозяйственные товары' (0.487)
  petshop1: 'Организация рабочего места' -> 'Кондиционеры для белья' (0.456)
  petshop1: 'Электрика' -> 'Батарейки и лампочки' (0.693)
  petshop1: 'Рабочая одежда и обувь' -> 'Зажигалки и аксессуары' (0.675)
  petshop1: 'Бассейны и аксессуары' -> 'Рыбные полуфабрикаты' (0.685)
  petshop1: 'Женская одежда' -> 'Квашеная капуста' (0.623)
  petshop1: 'Мужская одежда' -> 'Зажигалки и аксессуары' (0.601)
  petshop1: 'Детская одежда' -> 'Игрушки и аксессуары' (0.595)
  petshop1: 'Обувь' -> 'Стики для систем нагревания' (0.582)
  petshop1: 'Диагностические тесты' -> 'Контрацептивы' (0.513)
  petshop1: 'Народная медицина' -> 'Лекарства и аптечные товары' (0.648)
  mir-kubikov: 'Товары для дома' -> 'Хозяйственные товары' (0.617)
  mir-kubikov: 'Творчество, хобби, развлечения' -> 'Творог' (0.573)
  mir-kubikov: 'Детский транспорт' -> 'Ветчина' (0.391)
  mir-kubikov: 'Детская комната' -> 'Влажные салфетки детские' (0.570)
  mir-kubikov: 'Для школы и офиса' -> 'Столовые приборы' (0.500)
  mir-kubikov: 'Для офиса' -> 'Столовые приборы' (0.601)
  mir-kubikov: 'Ранцы, рюкзаки, портфели' -> 'Упаковка (плёнка, фольга, пакеты)' (0.619)
  mir-kubikov: 'Аудио- и видеотехника' -> 'Ликёры и наливки' (0.450)
  mir-kubikov: 'Музыкальные инструменты' -> 'Джин и абсент' (0.488)
  mir-kubikov: 'Игры для компаний' -> 'Игрушки и аксессуары' (0.504)
  mir-kubikov: 'Программное обеспечение' -> 'Уксус' (0.579)
  mir-kubikov: 'Периферийные устройства' -> 'Столовые приборы' (0.629)
  mir-kubikov: 'Туризм и отдых на природе' -> 'Товары для барбекю и пикника' (0.404)
  mir-kubikov: 'Скейтбординг' -> 'Креветки' (0.423)
  mir-kubikov: 'Спортивная защита' -> 'Спортивные напитки' (0.518)
  mir-kubikov: 'Водный спорт' -> 'Вода негазированная' (0.660)
  mir-kubikov: 'Электрика' -> 'Батарейки и лампочки' (0.693)
  mir-kubikov: 'Отопление и вентиляция' -> 'Освежители воздуха' (0.647)
  mir-kubikov: 'Двери, окна и скобяные изделия' -> 'Кружки, стаканы и бокалы' (0.644)
  mir-kubikov: 'Сценическое и аудиооборудование' -> 'Столовые приборы' (0.533)
  mir-kubikov: 'Техника для дома' -> 'Средства для чистки кухни' (0.539)
  mir-kubikov: 'Климатическая техника' -> 'Стики для систем нагревания' (0.621)
  mir-kubikov: 'Телефоны' -> 'Батарейки и лампочки' (0.391)
  mir-kubikov: 'Фото и видеокамеры' -> 'Творог' (0.418)
  mir-kubikov: 'Портативная техника' -> 'Наполнители для лотков' (0.654)
  mir-kubikov: 'Игровые приставки' -> 'Игрушки и аксессуары' (0.679)
  mir-kubikov: 'Детская одежда' -> 'Игрушки и аксессуары' (0.595)
  mir-kubikov: 'Обувь' -> 'Стики для систем нагревания' (0.582)
  wine-and-whiskey-by-simple: 'Посуда и принадлежности' -> 'Ветчина' (0.656)
  wine-and-whiskey-by-simple: 'Туризм и отдых на природе' -> 'Товары для барбекю и пикника' (0.404)
  krasnyj-drakon: 'Товары для дома' -> 'Хозяйственные товары' (0.617)
  krasnyj-drakon: 'Посуда и принадлежности' -> 'Ветчина' (0.656)
  krasnyj-drakon: 'Творчество, хобби, развлечения' -> 'Творог' (0.573)
  krasnyj-drakon: 'Для Пасхи' -> 'Жидкости для вейпов' (0.560)
  krasnyj-drakon: 'Уход за полостью рта' -> 'Зубные пасты и щётки' (0.694)
  krasnyj-drakon: 'Для школы и офиса' -> 'Столовые приборы' (0.500)
  krasnyj-drakon: 'Музыкальные инструменты' -> 'Джин и абсент' (0.488)
  krasnyj-drakon: 'Подарочные сертификаты' -> 'Хозяйственные товары' (0.487)
  krasnyj-drakon: 'Детская одежда' -> 'Игрушки и аксессуары' (0.595)
  krasnyj-drakon: 'Медицинские материалы' -> 'Зажигалки и аксессуары' (0.668)
  krasnyj-drakon: 'Народная медицина' -> 'Лекарства и аптечные товары' (0.648)
  yaponskie-nozhi-todzhiro: 'Товары для дома' -> 'Хозяйственные товары' (0.617)
  yaponskie-nozhi-todzhiro: 'Посуда и принадлежности' -> 'Ветчина' (0.656)
  yaponskie-nozhi-todzhiro: 'Творчество, хобби, развлечения' -> 'Творог' (0.573)
  yaponskie-nozhi-todzhiro: 'Для школы и офиса' -> 'Столовые приборы' (0.500)
  yaponskie-nozhi-todzhiro: 'Подарочные наборы' -> 'Хозяйственные товары' (0.649)
  yaponskie-nozhi-todzhiro: 'Туризм и отдых на природе' -> 'Товары для барбекю и пикника' (0.404)
  dinozavrik: 'Товары для дома' -> 'Хозяйственные товары' (0.617)
  dinozavrik: 'Посуда и принадлежности' -> 'Ветчина' (0.656)
  dinozavrik: 'Творчество, хобби, развлечения' -> 'Творог' (0.573)
  dinozavrik: 'Уход за полостью рта' -> 'Зубные пасты и щётки' (0.694)
  dinozavrik: 'Игры' -> 'Варенье' (0.619)
  dinozavrik: 'Бассейны и аксессуары' -> 'Рыбные полуфабрикаты' (0.685)
  winestate: 'Товары для дома' -> 'Хозяйственные товары' (0.617)
  winestate: 'Посуда и принадлежности' -> 'Ветчина' (0.656)
  winestate: 'Портативная техника' -> 'Наполнители для лотков' (0.654)
  vajnstajl: 'Товары для дома' -> 'Хозяйственные товары' (0.617)
  vajnstajl: 'Посуда и принадлежности' -> 'Ветчина' (0.656)
  vajnstajl: 'Творчество, хобби, развлечения' -> 'Творог' (0.573)
  vajnstajl: 'Для праздника' -> 'Ветчина' (0.673)
  vajnstajl: 'Для школы и офиса' -> 'Столовые приборы' (0.500)
  vajnstajl: 'Подарочные сертификаты' -> 'Хозяйственные товары' (0.487)
  amelia: 'Товары для дома' -> 'Хозяйственные товары' (0.617)
  amelia: 'Посуда и принадлежности' -> 'Ветчина' (0.656)
  amelia: 'Подарочные наборы' -> 'Хозяйственные товары' (0.649)
  dekanter: 'Туризм и отдых на природе' -> 'Товары для барбекю и пикника' (0.404)
  dekanter: 'Народная медицина' -> 'Лекарства и аптечные товары' (0.648)
